\BOOKMARK [0][-]{chapter.1}{\376\377\000C\000o\000n\000t\000e\000n\000t\000s}{}% 1
\BOOKMARK [1][-]{section.1.1}{\376\377\000O\000v\000e\000r\000v\000i\000e\000w}{chapter.1}% 2
\BOOKMARK [2][-]{subsection.1.1.1}{\376\377\000I\000n\000s\000t\000a\000l\000l\000a\000t\000i\000o\000n}{section.1.1}% 3
\BOOKMARK [2][-]{subsection.1.1.2}{\376\377\000O\000p\000e\000r\000a\000t\000i\000o\000n}{section.1.1}% 4
\BOOKMARK [2][-]{subsection.1.1.3}{\376\377\000O\000u\000t\000p\000u\000t}{section.1.1}% 5
\BOOKMARK [2][-]{subsection.1.1.4}{\376\377\000Q\000u\000i\000c\000k\000\040\000E\000x\000a\000m\000p\000l\000e}{section.1.1}% 6
\BOOKMARK [1][-]{section.1.2}{\376\377\000U\000s\000e\000r\000\040\000G\000u\000i\000d\000e}{chapter.1}% 7
\BOOKMARK [2][-]{subsection.1.2.1}{\376\377\000T\000i\000m\000e\000\040\000C\000o\000n\000v\000e\000n\000t\000i\000o\000n\000s}{section.1.2}% 8
\BOOKMARK [2][-]{subsection.1.2.2}{\376\377\000O\000u\000t\000p\000u\000t\000\040\000F\000o\000r\000m\000a\000t\000s}{section.1.2}% 9
\BOOKMARK [2][-]{subsection.1.2.3}{\376\377\000c\000h\000e\000c\000k\000t\000i\000m\000e\000:\000\040\000C\000o\000n\000f\000i\000r\000m\000\040\000d\000a\000t\000a\000\040\000a\000v\000a\000i\000l\000a\000b\000i\000l\000i\000t\000y}{section.1.2}% 10
\BOOKMARK [2][-]{subsection.1.2.4}{\376\377\000p\000o\000i\000n\000t\000:\000\040\000A\000\040\000s\000i\000n\000g\000l\000e\000\040\000g\000e\000o\000g\000r\000a\000p\000h\000i\000c\000\040\000p\000o\000i\000n\000t}{section.1.2}% 11
\BOOKMARK [2][-]{subsection.1.2.5}{\376\377\000l\000i\000n\000e\000:\000\040\000A\000n\000\040\000e\000v\000e\000n\000l\000y\000-\000s\000p\000a\000c\000e\000d\000\040\000l\000i\000n\000e\000\040\000o\000f\000\040\000p\000o\000i\000n\000t\000s}{section.1.2}% 12
\BOOKMARK [2][-]{subsection.1.2.6}{\376\377\000g\000r\000i\000d\000:\000\040\000A\000n\000\040\000e\000v\000e\000n\000l\000y\000-\000s\000p\000a\000c\000e\000d\000\040\000l\000i\000n\000e\000\040\000o\000f\000\040\000p\000o\000i\000n\000t\000s}{section.1.2}% 13
\BOOKMARK [2][-]{subsection.1.2.7}{\376\377\000g\000r\000i\000d\000:\000\040\000A\000n\000\040\000e\000v\000e\000n\000l\000y\000-\000s\000p\000a\000c\000e\000d\000\040\000l\000i\000n\000e\000\040\000o\000f\000\040\000p\000o\000i\000n\000t\000s}{section.1.2}% 14
\BOOKMARK [2][-]{subsection.1.2.8}{\376\377\000r\000a\000w\000:\000\040\000A\000\040\000r\000a\000w\000\040\000G\0002\000S\000\040\000c\000o\000e\000f\000f\000i\000c\000i\000e\000n\000t\000\040\000f\000i\000l\000e}{section.1.2}% 15
\BOOKMARK [1][-]{section.1.3}{\376\377\000D\000a\000t\000a\000\040\000F\000o\000r\000m\000a\000t\000s}{chapter.1}% 16
\BOOKMARK [2][-]{subsection.1.3.1}{\376\377\000J\000S\000O\000N\000\040\000F\000o\000r\000m\000a\000t}{section.1.3}% 17
\BOOKMARK [2][-]{subsection.1.3.2}{\376\377\000N\000C\000P\000A\000p\000r\000o\000p\000\040\000F\000o\000r\000m\000a\000t}{section.1.3}% 18
\BOOKMARK [2][-]{subsection.1.3.3}{\376\377\000I\000n\000f\000r\000a\000G\000A\000\040\000F\000o\000r\000m\000a\000t}{section.1.3}% 19
\BOOKMARK [1][-]{section.1.4}{\376\377\000A\000u\000t\000h\000o\000r\000s\000h\000i\000p\000,\000\040\000A\000c\000k\000n\000o\000w\000l\000e\000d\000g\000e\000m\000e\000n\000t\000s\000,\000\040\000a\000n\000d\000\040\000R\000e\000f\000e\000r\000e\000n\000c\000e\000s}{chapter.1}% 20
\BOOKMARK [2][-]{subsection.1.4.1}{\376\377\000C\000i\000t\000i\000n\000g\000\040\000N\000C\000P\000A\000-\000G\0002\000S\000\040\000a\000n\000d\000\040\000t\000h\000e\000\040\000C\000L\000I}{section.1.4}% 21
\BOOKMARK [2][-]{subsection.1.4.2}{\376\377\000G\0002\000S\000\040\000D\000a\000t\000a\000\040\000S\000o\000u\000r\000c\000e\000s}{section.1.4}% 22
